# Logfile created on 2011-11-19 20:04:10 -0600 by logger.rb/25413
REQUESTING PAGE: GET pages/home with {} and HTTP headers {}
REQUESTING PAGE: GET pages/home/customize with {} and HTTP headers {"HTTP_REFERER"=>"pages/home"}
REQUESTING PAGE: GET / with {} and HTTP headers {}
REQUESTING PAGE: GET / with {} and HTTP headers {}
REQUESTING PAGE: GET //customize with {} and HTTP headers {"HTTP_REFERER"=>"/"}
REQUESTING PAGE: GET / with {} and HTTP headers {}
REQUESTING PAGE: GET //customize with {} and HTTP headers {"HTTP_REFERER"=>"/"}
REQUESTING PAGE: GET / with {} and HTTP headers {}
REQUESTING PAGE: GET //customize with {} and HTTP headers {"HTTP_REFERER"=>"/"}
REQUESTING PAGE: GET / with {} and HTTP headers {}
REQUESTING PAGE: GET //customize with {} and HTTP headers {"HTTP_REFERER"=>"/"}
REQUESTING PAGE: GET / with {} and HTTP headers {}
REQUESTING PAGE: GET //customize with {} and HTTP headers {"HTTP_REFERER"=>"/"}
REQUESTING PAGE: GET / with {} and HTTP headers {}
REQUESTING PAGE: GET //customize with {} and HTTP headers {"HTTP_REFERER"=>"/"}
REQUESTING PAGE: GET / with {} and HTTP headers {}
REQUESTING PAGE: GET //customize with {} and HTTP headers {"HTTP_REFERER"=>"/"}
REQUESTING PAGE: GET / with {} and HTTP headers {}
REQUESTING PAGE: GET / with {} and HTTP headers {}
REQUESTING PAGE: GET //login with {} and HTTP headers {"HTTP_REFERER"=>"/"}
REQUESTING PAGE: GET / with {} and HTTP headers {}
REQUESTING PAGE: GET //customize with {} and HTTP headers {"HTTP_REFERER"=>"/"}
REQUESTING PAGE: GET / with {} and HTTP headers {}
REQUESTING PAGE: GET /customize with {} and HTTP headers {"HTTP_REFERER"=>"/"}
REQUESTING PAGE: GET /login with {} and HTTP headers {"HTTP_REFERER"=>"/customize"}
REQUESTING PAGE: GET /orders with {} and HTTP headers {"HTTP_REFERER"=>"/login"}
REQUESTING PAGE: GET / with {} and HTTP headers {"HTTP_REFERER"=>"/orders"}
REQUESTING PAGE: GET / with {} and HTTP headers {}
REQUESTING PAGE: GET /customize with {} and HTTP headers {"HTTP_REFERER"=>"/"}
REQUESTING PAGE: GET /login with {} and HTTP headers {"HTTP_REFERER"=>"/customize"}
REQUESTING PAGE: GET /orders with {} and HTTP headers {"HTTP_REFERER"=>"/login"}
REQUESTING PAGE: GET / with {} and HTTP headers {"HTTP_REFERER"=>"/orders"}
REQUESTING PAGE: GET / with {} and HTTP headers {}
REQUESTING PAGE: GET /customize with {} and HTTP headers {"HTTP_REFERER"=>"/"}
REQUESTING PAGE: GET /login with {} and HTTP headers {"HTTP_REFERER"=>"/customize"}
REQUESTING PAGE: GET /orders with {} and HTTP headers {"HTTP_REFERER"=>"/login"}
REQUESTING PAGE: GET / with {} and HTTP headers {"HTTP_REFERER"=>"/orders"}
REQUESTING PAGE: GET / with {} and HTTP headers {}
REQUESTING PAGE: GET /customize with {} and HTTP headers {"HTTP_REFERER"=>"/"}
REQUESTING PAGE: GET /login with {} and HTTP headers {"HTTP_REFERER"=>"/customize"}
REQUESTING PAGE: GET /orders with {} and HTTP headers {"HTTP_REFERER"=>"/login"}
REQUESTING PAGE: GET / with {} and HTTP headers {"HTTP_REFERER"=>"/orders"}
